/Users/josepereira/Library/Python/3.9/lib/python/site-packages/urllib3/__init__.py:35: NotOpenSSLWarning: urllib3 v2 only supports OpenSSL 1.1.1+, currently the 'ssl' module is compiled with 'LibreSSL 2.8.3'. See: https://github.com/urllib3/urllib3/issues/3020
  warnings.warn(
/Users/josepereira/Library/Python/3.9/lib/python/site-packages/urllib3/__init__.py:35: NotOpenSSLWarning: urllib3 v2 only supports OpenSSL 1.1.1+, currently the 'ssl' module is compiled with 'LibreSSL 2.8.3'. See: https://github.com/urllib3/urllib3/issues/3020
  warnings.warn(
/Users/josepereira/Library/Python/3.9/lib/python/site-packages/urllib3/__init__.py:35: NotOpenSSLWarning: urllib3 v2 only supports OpenSSL 1.1.1+, currently the 'ssl' module is compiled with 'LibreSSL 2.8.3'. See: https://github.com/urllib3/urllib3/issues/3020
  warnings.warn(

1 Failed download:
['SPY']: TypeError("'NoneType' object is not subscriptable")

1 Failed download:
['MSFT']: TypeError("'NoneType' object is not subscriptable")

1 Failed download:
['SPY']: TypeError("'NoneType' object is not subscriptable")

1 Failed download:
['SPY']: TypeError("'NoneType' object is not subscriptable")

1 Failed download:
['SPY']: TypeError("'NoneType' object is not subscriptable")

1 Failed download:
['SPY']: TypeError("'NoneType' object is not subscriptable")

1 Failed download:
['AAPL']: TypeError("'NoneType' object is not subscriptable")

1 Failed download:
['SPY']: TypeError("'NoneType' object is not subscriptable")

1 Failed download:
['SPY']: TypeError("'NoneType' object is not subscriptable")

1 Failed download:
['SPY']: TypeError("'NoneType' object is not subscriptable")

1 Failed download:
['QQQ']: TypeError("'NoneType' object is not subscriptable")

1 Failed download:
['SPY']: TypeError("'NoneType' object is not subscriptable")
